2016-12-29 18:51:18,222 INFO  HIH-L-1603-0 : The Grinder version 3.11
2016-12-29 18:51:18,228 INFO  HIH-L-1603-0 : Java(TM) SE Runtime Environment 1.7.0_79-b15: Java HotSpot(TM) 64-Bit Server VM (24.79-b02, mixed mode) on Windows 7 amd64 6.1
2016-12-29 18:51:18,233 INFO  HIH-L-1603-0 : time zone is CST (+0800)
2016-12-29 18:51:18,335 INFO  HIH-L-1603-0 : worker process 0
2016-12-29 18:51:18,406 INFO  HIH-L-1603-0 : instrumentation agents: byte code transforming instrumenter for Jython 2.5; byte code transforming instrumenter for Java
2016-12-29 18:51:20,990 INFO  HIH-L-1603-0 : running "helloworld.py" using Jython 2.5.3 (2.5:c56500f08d34+, Aug 13 2012, 14:54:35) 
[Java HotSpot(TM) 64-Bit Server VM (Oracle Corporation)]
2016-12-29 18:51:21,015 INFO  HIH-L-1603-0 thread-0: starting, will run forever
2016-12-29 18:51:21,016 INFO  HIH-L-1603-0 thread-2: starting, will run forever
2016-12-29 18:51:21,017 INFO  HIH-L-1603-0 thread-4: starting, will run forever
2016-12-29 18:51:21,017 INFO  HIH-L-1603-0 thread-3: starting, will run forever
2016-12-29 18:51:21,018 INFO  HIH-L-1603-0 thread-6: starting, will run forever
2016-12-29 18:51:21,018 INFO  HIH-L-1603-0 thread-8: starting, will run forever
2016-12-29 18:51:21,019 INFO  HIH-L-1603-0 thread-7: starting, will run forever
2016-12-29 18:51:21,020 INFO  HIH-L-1603-0 thread-1: starting, will run forever
2016-12-29 18:51:21,020 INFO  HIH-L-1603-0 thread-5: starting, will run forever
2016-12-29 18:51:21,021 INFO  HIH-L-1603-0 thread-9: starting, will run forever
2016-12-29 18:51:21,023 INFO  HIH-L-1603-0 : start time is 1483008681023 ms since Epoch
2016-12-29 18:51:21,756 INFO  HIH-L-1603-0 thread-2 [ run-0, test-1 ]: Hello, Grinder!
2016-12-29 18:51:21,758 INFO  HIH-L-1603-0 thread-4 [ run-0, test-1 ]: Hello, Grinder!
2016-12-29 18:51:21,791 INFO  HIH-L-1603-0 thread-5 [ run-0, test-1 ]: Hello, Grinder!
2016-12-29 18:51:21,887 INFO  HIH-L-1603-0 thread-7 [ run-0, test-1 ]: Hello, Grinder!
2016-12-29 18:51:21,902 INFO  HIH-L-1603-0 thread-8 [ run-0, test-1 ]: Hello, Grinder!
2016-12-29 18:51:22,026 INFO  HIH-L-1603-0 thread-0 [ run-0, test-1 ]: Hello, Grinder!
2016-12-29 18:51:22,031 INFO  HIH-L-1603-0 thread-6 [ run-0, test-1 ]: Hello, Grinder!
2016-12-29 18:51:22,061 INFO  HIH-L-1603-0 thread-1 [ run-0, test-1 ]: Hello, Grinder!
2016-12-29 18:51:22,092 INFO  HIH-L-1603-0 thread-3 [ run-0, test-1 ]: Hello, Grinder!
2016-12-29 18:51:22,132 INFO  HIH-L-1603-0 thread-9 [ run-0, test-1 ]: Hello, Grinder!
2016-12-29 18:51:22,520 INFO  HIH-L-1603-0 thread-4 [ run-1, test-1 ]: Hello, Grinder!
2016-12-29 18:51:22,560 INFO  HIH-L-1603-0 thread-5 [ run-1, test-1 ]: Hello, Grinder!
2016-12-29 18:51:22,754 INFO  HIH-L-1603-0 thread-2 [ run-1, test-1 ]: Hello, Grinder!
2016-12-29 18:51:22,818 INFO  HIH-L-1603-0 thread-6 [ run-1, test-1 ]: Hello, Grinder!
2016-12-29 18:51:22,846 INFO  HIH-L-1603-0 thread-1 [ run-1, test-1 ]: Hello, Grinder!
2016-12-29 18:51:22,872 INFO  HIH-L-1603-0 thread-3 [ run-1, test-1 ]: Hello, Grinder!
2016-12-29 18:51:22,916 INFO  HIH-L-1603-0 thread-0 [ run-1, test-1 ]: Hello, Grinder!
2016-12-29 18:51:22,940 INFO  HIH-L-1603-0 thread-7 [ run-1, test-1 ]: Hello, Grinder!
2016-12-29 18:51:22,983 INFO  HIH-L-1603-0 thread-8 [ run-1, test-1 ]: Hello, Grinder!
2016-12-29 18:51:23,038 INFO  HIH-L-1603-0 thread-9 [ run-1, test-1 ]: Hello, Grinder!
2016-12-29 18:51:23,534 INFO  HIH-L-1603-0 thread-5 [ run-2, test-1 ]: Hello, Grinder!
2016-12-29 18:51:23,542 INFO  HIH-L-1603-0 thread-6 [ run-2, test-1 ]: Hello, Grinder!
2016-12-29 18:51:23,599 INFO  HIH-L-1603-0 thread-4 [ run-2, test-1 ]: Hello, Grinder!
2016-12-29 18:51:23,627 INFO  HIH-L-1603-0 thread-0 [ run-2, test-1 ]: Hello, Grinder!
2016-12-29 18:51:23,686 INFO  HIH-L-1603-0 thread-3 [ run-2, test-1 ]: Hello, Grinder!
2016-12-29 18:51:23,752 INFO  HIH-L-1603-0 thread-1 [ run-2, test-1 ]: Hello, Grinder!
2016-12-29 18:51:23,828 INFO  HIH-L-1603-0 thread-8 [ run-2, test-1 ]: Hello, Grinder!
2016-12-29 18:51:23,843 INFO  HIH-L-1603-0 thread-2 [ run-2, test-1 ]: Hello, Grinder!
2016-12-29 18:51:23,950 INFO  HIH-L-1603-0 thread-7 [ run-2, test-1 ]: Hello, Grinder!
2016-12-29 18:51:24,033 INFO  HIH-L-1603-0 thread-9 [ run-2, test-1 ]: Hello, Grinder!
2016-12-29 18:51:24,485 INFO  HIH-L-1603-0 thread-0 [ run-3, test-1 ]: Hello, Grinder!
2016-12-29 18:51:24,489 INFO  HIH-L-1603-0 thread-5 [ run-3, test-1 ]: Hello, Grinder!
2016-12-29 18:51:24,590 INFO  HIH-L-1603-0 thread-1 [ run-3, test-1 ]: Hello, Grinder!
2016-12-29 18:51:24,635 INFO  HIH-L-1603-0 thread-6 [ run-3, test-1 ]: Hello, Grinder!
2016-12-29 18:51:24,656 INFO  HIH-L-1603-0 thread-8 [ run-3, test-1 ]: Hello, Grinder!
2016-12-29 18:51:24,681 INFO  HIH-L-1603-0 thread-4 [ run-3, test-1 ]: Hello, Grinder!
2016-12-29 18:51:24,735 INFO  HIH-L-1603-0 thread-2 [ run-3, test-1 ]: Hello, Grinder!
2016-12-29 18:51:24,770 INFO  HIH-L-1603-0 thread-3 [ run-3, test-1 ]: Hello, Grinder!
2016-12-29 18:51:24,772 INFO  HIH-L-1603-0 thread-9 [ run-3, test-1 ]: Hello, Grinder!
2016-12-29 18:51:24,878 INFO  HIH-L-1603-0 thread-7 [ run-3, test-1 ]: Hello, Grinder!
2016-12-29 18:51:25,196 INFO  HIH-L-1603-0 thread-5 [ run-4, test-1 ]: Hello, Grinder!
2016-12-29 18:51:25,380 INFO  HIH-L-1603-0 thread-1 [ run-4, test-1 ]: Hello, Grinder!
2016-12-29 18:51:25,474 INFO  HIH-L-1603-0 thread-6 [ run-4, test-1 ]: Hello, Grinder!
2016-12-29 18:51:25,564 INFO  HIH-L-1603-0 thread-0 [ run-4, test-1 ]: Hello, Grinder!
2016-12-29 18:51:25,571 INFO  HIH-L-1603-0 thread-8 [ run-4, test-1 ]: Hello, Grinder!
2016-12-29 18:51:25,686 INFO  HIH-L-1603-0 thread-2 [ run-4, test-1 ]: Hello, Grinder!
2016-12-29 18:51:25,774 INFO  HIH-L-1603-0 thread-4 [ run-4, test-1 ]: Hello, Grinder!
2016-12-29 18:51:25,786 INFO  HIH-L-1603-0 thread-3 [ run-4, test-1 ]: Hello, Grinder!
2016-12-29 18:51:25,801 INFO  HIH-L-1603-0 thread-7 [ run-4, test-1 ]: Hello, Grinder!
2016-12-29 18:51:25,816 INFO  HIH-L-1603-0 thread-9 [ run-4, test-1 ]: Hello, Grinder!
2016-12-29 18:51:25,958 INFO  HIH-L-1603-0 thread-5 [ run-5, test-1 ]: Hello, Grinder!
2016-12-29 18:51:26,296 INFO  HIH-L-1603-0 thread-1 [ run-5, test-1 ]: Hello, Grinder!
2016-12-29 18:51:26,358 INFO  HIH-L-1603-0 thread-8 [ run-5, test-1 ]: Hello, Grinder!
2016-12-29 18:51:26,413 INFO  HIH-L-1603-0 thread-2 [ run-5, test-1 ]: Hello, Grinder!
2016-12-29 18:51:26,414 INFO  HIH-L-1603-0 thread-0 [ run-5, test-1 ]: Hello, Grinder!
2016-12-29 18:51:26,459 INFO  HIH-L-1603-0 thread-6 [ run-5, test-1 ]: Hello, Grinder!
2016-12-29 18:51:26,540 INFO  HIH-L-1603-0 thread-7 [ run-5, test-1 ]: Hello, Grinder!
2016-12-29 18:51:26,568 INFO  HIH-L-1603-0 thread-3 [ run-5, test-1 ]: Hello, Grinder!
2016-12-29 18:51:26,620 INFO  HIH-L-1603-0 thread-9 [ run-5, test-1 ]: Hello, Grinder!
2016-12-29 18:51:26,669 INFO  HIH-L-1603-0 thread-5 [ run-6, test-1 ]: Hello, Grinder!
2016-12-29 18:51:26,834 INFO  HIH-L-1603-0 thread-4 [ run-5, test-1 ]: Hello, Grinder!
2016-12-29 18:51:27,137 INFO  HIH-L-1603-0 thread-1 [ run-6, test-1 ]: Hello, Grinder!
2016-12-29 18:51:27,235 INFO  HIH-L-1603-0 thread-6 [ run-6, test-1 ]: Hello, Grinder!
2016-12-29 18:51:27,289 INFO  HIH-L-1603-0 thread-2 [ run-6, test-1 ]: Hello, Grinder!
2016-12-29 18:51:27,318 INFO  HIH-L-1603-0 thread-7 [ run-6, test-1 ]: Hello, Grinder!
2016-12-29 18:51:27,433 INFO  HIH-L-1603-0 thread-0 [ run-6, test-1 ]: Hello, Grinder!
2016-12-29 18:51:27,453 INFO  HIH-L-1603-0 thread-8 [ run-6, test-1 ]: Hello, Grinder!
2016-12-29 18:51:27,486 INFO  HIH-L-1603-0 thread-9 [ run-6, test-1 ]: Hello, Grinder!
2016-12-29 18:51:27,535 INFO  HIH-L-1603-0 thread-5 [ run-7, test-1 ]: Hello, Grinder!
2016-12-29 18:51:27,576 INFO  HIH-L-1603-0 thread-3 [ run-6, test-1 ]: Hello, Grinder!
2016-12-29 18:51:27,665 INFO  HIH-L-1603-0 thread-4 [ run-6, test-1 ]: Hello, Grinder!
2016-12-29 18:51:28,175 INFO  HIH-L-1603-0 thread-2 [ run-7, test-1 ]: Hello, Grinder!
2016-12-29 18:51:28,187 INFO  HIH-L-1603-0 thread-1 [ run-7, test-1 ]: Hello, Grinder!
2016-12-29 18:51:28,270 INFO  HIH-L-1603-0 thread-6 [ run-7, test-1 ]: Hello, Grinder!
2016-12-29 18:51:28,276 INFO  HIH-L-1603-0 thread-7 [ run-7, test-1 ]: Hello, Grinder!
2016-12-29 18:51:28,283 INFO  HIH-L-1603-0 thread-8 [ run-7, test-1 ]: Hello, Grinder!
2016-12-29 18:51:28,307 INFO  HIH-L-1603-0 thread-9 [ run-7, test-1 ]: Hello, Grinder!
2016-12-29 18:51:28,364 INFO  HIH-L-1603-0 thread-0 [ run-7, test-1 ]: Hello, Grinder!
2016-12-29 18:51:28,432 INFO  HIH-L-1603-0 thread-4 [ run-7, test-1 ]: Hello, Grinder!
2016-12-29 18:51:28,493 INFO  HIH-L-1603-0 thread-5 [ run-8, test-1 ]: Hello, Grinder!
2016-12-29 18:51:28,562 INFO  HIH-L-1603-0 thread-3 [ run-7, test-1 ]: Hello, Grinder!
2016-12-29 18:51:28,928 INFO  HIH-L-1603-0 thread-2 [ run-8, test-1 ]: Hello, Grinder!
2016-12-29 18:51:29,015 INFO  HIH-L-1603-0 thread-7 [ run-8, test-1 ]: Hello, Grinder!
2016-12-29 18:51:29,062 INFO  HIH-L-1603-0 thread-1 [ run-8, test-1 ]: Hello, Grinder!
2016-12-29 18:51:29,145 INFO  HIH-L-1603-0 thread-9 [ run-8, test-1 ]: Hello, Grinder!
2016-12-29 18:51:29,216 INFO  HIH-L-1603-0 thread-0 [ run-8, test-1 ]: Hello, Grinder!
2016-12-29 18:51:29,217 INFO  HIH-L-1603-0 thread-6 [ run-8, test-1 ]: Hello, Grinder!
2016-12-29 18:51:29,241 INFO  HIH-L-1603-0 thread-5 [ run-9, test-1 ]: Hello, Grinder!
2016-12-29 18:51:29,316 INFO  HIH-L-1603-0 thread-8 [ run-8, test-1 ]: Hello, Grinder!
2016-12-29 18:51:29,326 INFO  HIH-L-1603-0 thread-4 [ run-8, test-1 ]: Hello, Grinder!
2016-12-29 18:51:29,549 INFO  HIH-L-1603-0 thread-3 [ run-8, test-1 ]: Hello, Grinder!
2016-12-29 18:51:29,738 INFO  HIH-L-1603-0 thread-7 [ run-9, test-1 ]: Hello, Grinder!
2016-12-29 18:51:29,766 INFO  HIH-L-1603-0 thread-2 [ run-9, test-1 ]: Hello, Grinder!
2016-12-29 18:51:29,996 INFO  HIH-L-1603-0 thread-0 [ run-9, test-1 ]: Hello, Grinder!
2016-12-29 18:51:30,073 INFO  HIH-L-1603-0 thread-4 [ run-9, test-1 ]: Hello, Grinder!
2016-12-29 18:51:30,101 INFO  HIH-L-1603-0 thread-1 [ run-9, test-1 ]: Hello, Grinder!
2016-12-29 18:51:30,106 INFO  HIH-L-1603-0 thread-8 [ run-9, test-1 ]: Hello, Grinder!
2016-12-29 18:51:30,108 INFO  HIH-L-1603-0 thread-6 [ run-9, test-1 ]: Hello, Grinder!
2016-12-29 18:51:30,221 INFO  HIH-L-1603-0 thread-9 [ run-9, test-1 ]: Hello, Grinder!
2016-12-29 18:51:30,313 INFO  HIH-L-1603-0 thread-5 [ run-10, test-1 ]: Hello, Grinder!
2016-12-29 18:51:30,531 INFO  HIH-L-1603-0 thread-7 [ run-10, test-1 ]: Hello, Grinder!
2016-12-29 18:51:30,634 INFO  HIH-L-1603-0 thread-3 [ run-9, test-1 ]: Hello, Grinder!
2016-12-29 18:51:30,775 INFO  HIH-L-1603-0 thread-2 [ run-10, test-1 ]: Hello, Grinder!
2016-12-29 18:51:30,965 INFO  HIH-L-1603-0 thread-1 [ run-10, test-1 ]: Hello, Grinder!
2016-12-29 18:51:30,997 INFO  HIH-L-1603-0 thread-0 [ run-10, test-1 ]: Hello, Grinder!
2016-12-29 18:51:31,000 INFO  HIH-L-1603-0 thread-6 [ run-10, test-1 ]: Hello, Grinder!
2016-12-29 18:51:31,028 INFO  HIH-L-1603-0 thread-8 [ run-10, test-1 ]: Hello, Grinder!
2016-12-29 18:51:31,033 INFO  HIH-L-1603-0 thread-4 [ run-10, test-1 ]: Hello, Grinder!
2016-12-29 18:51:31,052 INFO  HIH-L-1603-0 thread-5 [ run-11, test-1 ]: Hello, Grinder!
2016-12-29 18:51:31,097 INFO  HIH-L-1603-0 thread-9 [ run-10, test-1 ]: Hello, Grinder!
2016-12-29 18:51:31,319 INFO  HIH-L-1603-0 thread-7 [ run-11, test-1 ]: Hello, Grinder!
2016-12-29 18:51:31,535 INFO  HIH-L-1603-0 thread-3 [ run-10, test-1 ]: Hello, Grinder!
2016-12-29 18:51:31,658 INFO  HIH-L-1603-0 thread-2 [ run-11, test-1 ]: Hello, Grinder!
2016-12-29 18:51:31,722 INFO  HIH-L-1603-0 thread-0 [ run-11, test-1 ]: Hello, Grinder!
2016-12-29 18:51:31,752 INFO  HIH-L-1603-0 thread-6 [ run-11, test-1 ]: Hello, Grinder!
2016-12-29 18:51:31,933 INFO  HIH-L-1603-0 thread-5 [ run-12, test-1 ]: Hello, Grinder!
2016-12-29 18:51:31,957 INFO  HIH-L-1603-0 thread-8 [ run-11, test-1 ]: Hello, Grinder!
2016-12-29 18:51:31,966 INFO  HIH-L-1603-0 thread-4 [ run-11, test-1 ]: Hello, Grinder!
2016-12-29 18:51:32,062 INFO  HIH-L-1603-0 thread-1 [ run-11, test-1 ]: Hello, Grinder!
2016-12-29 18:51:32,076 INFO  HIH-L-1603-0 thread-9 [ run-11, test-1 ]: Hello, Grinder!
2016-12-29 18:51:32,337 INFO  HIH-L-1603-0 thread-7 [ run-12, test-1 ]: Hello, Grinder!
2016-12-29 18:51:32,515 INFO  HIH-L-1603-0 thread-3 [ run-11, test-1 ]: Hello, Grinder!
2016-12-29 18:51:32,658 INFO  HIH-L-1603-0 thread-2 [ run-12, test-1 ]: Hello, Grinder!
2016-12-29 18:51:32,723 INFO  HIH-L-1603-0 thread-0 [ run-12, test-1 ]: Hello, Grinder!
2016-12-29 18:51:32,724 INFO  HIH-L-1603-0 thread-6 [ run-12, test-1 ]: Hello, Grinder!
2016-12-29 18:51:32,889 INFO  HIH-L-1603-0 thread-1 [ run-12, test-1 ]: Hello, Grinder!
2016-12-29 18:51:32,940 INFO  HIH-L-1603-0 thread-4 [ run-12, test-1 ]: Hello, Grinder!
2016-12-29 18:51:33,003 INFO  HIH-L-1603-0 thread-5 [ run-13, test-1 ]: Hello, Grinder!
2016-12-29 18:51:33,052 INFO  HIH-L-1603-0 thread-8 [ run-12, test-1 ]: Hello, Grinder!
2016-12-29 18:51:33,170 INFO  HIH-L-1603-0 thread-9 [ run-12, test-1 ]: Hello, Grinder!
2016-12-29 18:51:33,220 INFO  HIH-L-1603-0 thread-7 [ run-13, test-1 ]: Hello, Grinder!
2016-12-29 18:51:33,613 INFO  HIH-L-1603-0 thread-3 [ run-12, test-1 ]: Hello, Grinder!
2016-12-29 18:51:33,659 INFO  HIH-L-1603-0 thread-4 [ run-13, test-1 ]: Hello, Grinder!
2016-12-29 18:51:33,673 INFO  HIH-L-1603-0 thread-1 [ run-13, test-1 ]: Hello, Grinder!
2016-12-29 18:51:33,686 INFO  HIH-L-1603-0 thread-0 [ run-13, test-1 ]: Hello, Grinder!
2016-12-29 18:51:33,702 INFO  HIH-L-1603-0 thread-6 [ run-13, test-1 ]: Hello, Grinder!
2016-12-29 18:51:33,754 INFO  HIH-L-1603-0 thread-2 [ run-13, test-1 ]: Hello, Grinder!
2016-12-29 18:51:33,769 INFO  HIH-L-1603-0 thread-5 [ run-14, test-1 ]: Hello, Grinder!
2016-12-29 18:51:33,793 INFO  HIH-L-1603-0 thread-8 [ run-13, test-1 ]: Hello, Grinder!
2016-12-29 18:51:33,974 INFO  HIH-L-1603-0 thread-9 [ run-13, test-1 ]: Hello, Grinder!
2016-12-29 18:51:34,262 INFO  HIH-L-1603-0 thread-7 [ run-14, test-1 ]: Hello, Grinder!
2016-12-29 18:51:34,374 INFO  HIH-L-1603-0 thread-4 [ run-14, test-1 ]: Hello, Grinder!
2016-12-29 18:51:34,406 INFO  HIH-L-1603-0 thread-3 [ run-13, test-1 ]: Hello, Grinder!
2016-12-29 18:51:34,482 INFO  HIH-L-1603-0 thread-5 [ run-15, test-1 ]: Hello, Grinder!
2016-12-29 18:51:34,521 INFO  HIH-L-1603-0 thread-1 [ run-14, test-1 ]: Hello, Grinder!
2016-12-29 18:51:34,591 INFO  HIH-L-1603-0 thread-0 [ run-14, test-1 ]: Hello, Grinder!
2016-12-29 18:51:34,704 INFO  HIH-L-1603-0 thread-8 [ run-14, test-1 ]: Hello, Grinder!
2016-12-29 18:51:34,786 INFO  HIH-L-1603-0 thread-6 [ run-14, test-1 ]: Hello, Grinder!
2016-12-29 18:51:34,790 INFO  HIH-L-1603-0 thread-9 [ run-14, test-1 ]: Hello, Grinder!
2016-12-29 18:51:34,827 INFO  HIH-L-1603-0 thread-2 [ run-14, test-1 ]: Hello, Grinder!
2016-12-29 18:51:35,151 INFO  HIH-L-1603-0 thread-4 [ run-15, test-1 ]: Hello, Grinder!
2016-12-29 18:51:35,202 INFO  HIH-L-1603-0 thread-7 [ run-15, test-1 ]: Hello, Grinder!
2016-12-29 18:51:35,309 INFO  HIH-L-1603-0 thread-0 [ run-15, test-1 ]: Hello, Grinder!
2016-12-29 18:51:35,385 INFO  HIH-L-1603-0 thread-5 [ run-16, test-1 ]: Hello, Grinder!
2016-12-29 18:51:35,503 INFO  HIH-L-1603-0 thread-3 [ run-14, test-1 ]: Hello, Grinder!
2016-12-29 18:51:35,553 INFO  HIH-L-1603-0 thread-2 [ run-15, test-1 ]: Hello, Grinder!
2016-12-29 18:51:35,571 INFO  HIH-L-1603-0 thread-9 [ run-15, test-1 ]: Hello, Grinder!
2016-12-29 18:51:35,578 INFO  HIH-L-1603-0 thread-1 [ run-15, test-1 ]: Hello, Grinder!
2016-12-29 18:51:35,641 INFO  HIH-L-1603-0 thread-6 [ run-15, test-1 ]: Hello, Grinder!
2016-12-29 18:51:35,718 INFO  HIH-L-1603-0 thread-8 [ run-15, test-1 ]: Hello, Grinder!
2016-12-29 18:51:36,167 INFO  HIH-L-1603-0 thread-4 [ run-16, test-1 ]: Hello, Grinder!
2016-12-29 18:51:36,209 INFO  HIH-L-1603-0 thread-7 [ run-16, test-1 ]: Hello, Grinder!
2016-12-29 18:51:36,230 INFO  HIH-L-1603-0 thread-5 [ run-17, test-1 ]: Hello, Grinder!
2016-12-29 18:51:36,272 INFO  HIH-L-1603-0 thread-2 [ run-16, test-1 ]: Hello, Grinder!
2016-12-29 18:51:36,280 INFO  HIH-L-1603-0 thread-0 [ run-16, test-1 ]: Hello, Grinder!
2016-12-29 18:51:36,372 INFO  HIH-L-1603-0 thread-9 [ run-16, test-1 ]: Hello, Grinder!
2016-12-29 18:51:36,488 INFO  HIH-L-1603-0 thread-8 [ run-16, test-1 ]: Hello, Grinder!
2016-12-29 18:51:36,496 INFO  HIH-L-1603-0 thread-1 [ run-16, test-1 ]: Hello, Grinder!
2016-12-29 18:51:36,539 INFO  HIH-L-1603-0 thread-3 [ run-15, test-1 ]: Hello, Grinder!
2016-12-29 18:51:36,678 INFO  HIH-L-1603-0 thread-6 [ run-16, test-1 ]: Hello, Grinder!
2016-12-29 18:51:36,886 INFO  HIH-L-1603-0 thread-4 [ run-17, test-1 ]: Hello, Grinder!
2016-12-29 18:51:36,999 INFO  HIH-L-1603-0 thread-0 [ run-17, test-1 ]: Hello, Grinder!
2016-12-29 18:51:37,014 INFO  HIH-L-1603-0 thread-7 [ run-17, test-1 ]: Hello, Grinder!
2016-12-29 18:51:37,068 INFO  HIH-L-1603-0 thread-2 [ run-17, test-1 ]: Hello, Grinder!
2016-12-29 18:51:37,078 INFO  HIH-L-1603-0 thread-5 [ run-18, test-1 ]: Hello, Grinder!
2016-12-29 18:51:37,129 INFO  HIH-L-1603-0 thread-9 [ run-17, test-1 ]: Hello, Grinder!
2016-12-29 18:51:37,256 INFO  HIH-L-1603-0 thread-1 [ run-17, test-1 ]: Hello, Grinder!
2016-12-29 18:51:37,396 INFO  HIH-L-1603-0 thread-3 [ run-16, test-1 ]: Hello, Grinder!
2016-12-29 18:51:37,432 INFO  HIH-L-1603-0 thread-8 [ run-17, test-1 ]: Hello, Grinder!
2016-12-29 18:51:37,582 INFO  HIH-L-1603-0 thread-6 [ run-17, test-1 ]: Hello, Grinder!
2016-12-29 18:51:37,773 INFO  HIH-L-1603-0 thread-7 [ run-18, test-1 ]: Hello, Grinder!
2016-12-29 18:51:37,835 INFO  HIH-L-1603-0 thread-4 [ run-18, test-1 ]: Hello, Grinder!
2016-12-29 18:51:37,853 INFO  HIH-L-1603-0 thread-2 [ run-18, test-1 ]: Hello, Grinder!
2016-12-29 18:51:37,964 INFO  HIH-L-1603-0 thread-5 [ run-19, test-1 ]: Hello, Grinder!
2016-12-29 18:51:38,015 INFO  HIH-L-1603-0 thread-0 [ run-18, test-1 ]: Hello, Grinder!
2016-12-29 18:51:38,052 INFO  HIH-L-1603-0 thread-9 [ run-18, test-1 ]: Hello, Grinder!
2016-12-29 18:51:38,235 INFO  HIH-L-1603-0 thread-3 [ run-17, test-1 ]: Hello, Grinder!
2016-12-29 18:51:38,261 INFO  HIH-L-1603-0 thread-1 [ run-18, test-1 ]: Hello, Grinder!
2016-12-29 18:51:38,403 INFO  HIH-L-1603-0 thread-6 [ run-18, test-1 ]: Hello, Grinder!
2016-12-29 18:51:38,475 INFO  HIH-L-1603-0 thread-8 [ run-18, test-1 ]: Hello, Grinder!
2016-12-29 18:51:38,537 INFO  HIH-L-1603-0 thread-7 [ run-19, test-1 ]: Hello, Grinder!
2016-12-29 18:51:38,550 INFO  HIH-L-1603-0 thread-4 [ run-19, test-1 ]: Hello, Grinder!
2016-12-29 18:51:38,773 INFO  HIH-L-1603-0 thread-5 [ run-20, test-1 ]: Hello, Grinder!
2016-12-29 18:51:38,878 INFO  HIH-L-1603-0 thread-2 [ run-19, test-1 ]: Hello, Grinder!
2016-12-29 18:51:38,892 INFO  HIH-L-1603-0 thread-9 [ run-19, test-1 ]: Hello, Grinder!
2016-12-29 18:51:39,018 INFO  HIH-L-1603-0 thread-0 [ run-19, test-1 ]: Hello, Grinder!
2016-12-29 18:51:39,185 INFO  HIH-L-1603-0 thread-3 [ run-18, test-1 ]: Hello, Grinder!
2016-12-29 18:51:39,188 INFO  HIH-L-1603-0 thread-1 [ run-19, test-1 ]: Hello, Grinder!
2016-12-29 18:51:39,273 INFO  HIH-L-1603-0 thread-6 [ run-19, test-1 ]: Hello, Grinder!
2016-12-29 18:51:39,437 INFO  HIH-L-1603-0 thread-8 [ run-19, test-1 ]: Hello, Grinder!
2016-12-29 18:51:39,526 INFO  HIH-L-1603-0 thread-7 [ run-20, test-1 ]: Hello, Grinder!
2016-12-29 18:51:39,542 INFO  HIH-L-1603-0 thread-4 [ run-20, test-1 ]: Hello, Grinder!
2016-12-29 18:51:39,855 INFO  HIH-L-1603-0 thread-9 [ run-20, test-1 ]: Hello, Grinder!
2016-12-29 18:51:39,867 INFO  HIH-L-1603-0 thread-5 [ run-21, test-1 ]: Hello, Grinder!
2016-12-29 18:51:39,926 INFO  HIH-L-1603-0 thread-2 [ run-20, test-1 ]: Hello, Grinder!
2016-12-29 18:51:39,936 INFO  HIH-L-1603-0 thread-0 [ run-20, test-1 ]: Hello, Grinder!
2016-12-29 18:51:39,938 INFO  HIH-L-1603-0 thread-1 [ run-20, test-1 ]: Hello, Grinder!
2016-12-29 18:51:40,076 INFO  HIH-L-1603-0 thread-3 [ run-19, test-1 ]: Hello, Grinder!
2016-12-29 18:51:40,253 INFO  HIH-L-1603-0 thread-7 [ run-21, test-1 ]: Hello, Grinder!
2016-12-29 18:51:40,305 INFO  HIH-L-1603-0 thread-6 [ run-20, test-1 ]: Hello, Grinder!
2016-12-29 18:51:40,435 INFO  HIH-L-1603-0 thread-8 [ run-20, test-1 ]: Hello, Grinder!
2016-12-29 18:51:40,595 INFO  HIH-L-1603-0 thread-4 [ run-21, test-1 ]: Hello, Grinder!
2016-12-29 18:51:40,691 INFO  HIH-L-1603-0 thread-9 [ run-21, test-1 ]: Hello, Grinder!
2016-12-29 18:51:40,732 INFO  HIH-L-1603-0 thread-0 [ run-21, test-1 ]: Hello, Grinder!
2016-12-29 18:51:40,738 INFO  HIH-L-1603-0 thread-5 [ run-22, test-1 ]: Hello, Grinder!
2016-12-29 18:51:40,772 INFO  HIH-L-1603-0 thread-2 [ run-21, test-1 ]: Hello, Grinder!
2016-12-29 18:51:40,840 INFO  HIH-L-1603-0 thread-3 [ run-20, test-1 ]: Hello, Grinder!
2016-12-29 18:51:40,918 INFO  HIH-L-1603-0 thread-1 [ run-21, test-1 ]: Hello, Grinder!
2016-12-29 18:51:41,081 INFO  HIH-L-1603-0 thread-7 [ run-22, test-1 ]: Hello, Grinder!
2016-12-29 18:51:41,135 INFO  HIH-L-1603-0 thread-6 [ run-21, test-1 ]: Hello, Grinder!
2016-12-29 18:51:41,162 INFO  HIH-L-1603-0 thread-8 [ run-21, test-1 ]: Hello, Grinder!
2016-12-29 18:51:41,424 INFO  HIH-L-1603-0 thread-9 [ run-22, test-1 ]: Hello, Grinder!
2016-12-29 18:51:41,428 INFO  HIH-L-1603-0 thread-4 [ run-22, test-1 ]: Hello, Grinder!
2016-12-29 18:51:41,446 INFO  HIH-L-1603-0 thread-5 [ run-23, test-1 ]: Hello, Grinder!
2016-12-29 18:51:41,519 INFO  HIH-L-1603-0 thread-2 [ run-22, test-1 ]: Hello, Grinder!
2016-12-29 18:51:41,731 INFO  HIH-L-1603-0 thread-1 [ run-22, test-1 ]: Hello, Grinder!
2016-12-29 18:51:41,754 INFO  HIH-L-1603-0 thread-0 [ run-22, test-1 ]: Hello, Grinder!
2016-12-29 18:51:41,770 INFO  HIH-L-1603-0 thread-3 [ run-21, test-1 ]: Hello, Grinder!
2016-12-29 18:51:42,080 INFO  HIH-L-1603-0 thread-6 [ run-22, test-1 ]: Hello, Grinder!
2016-12-29 18:51:42,151 INFO  HIH-L-1603-0 thread-8 [ run-22, test-1 ]: Hello, Grinder!
2016-12-29 18:51:42,151 INFO  HIH-L-1603-0 thread-7 [ run-23, test-1 ]: Hello, Grinder!
2016-12-29 18:51:42,174 INFO  HIH-L-1603-0 thread-9 [ run-23, test-1 ]: Hello, Grinder!
2016-12-29 18:51:42,229 INFO  HIH-L-1603-0 thread-4 [ run-23, test-1 ]: Hello, Grinder!
2016-12-29 18:51:42,527 INFO  HIH-L-1603-0 thread-5 [ run-24, test-1 ]: Hello, Grinder!
2016-12-29 18:51:42,569 INFO  HIH-L-1603-0 thread-2 [ run-23, test-1 ]: Hello, Grinder!
2016-12-29 18:51:42,657 INFO  HIH-L-1603-0 thread-0 [ run-23, test-1 ]: Hello, Grinder!
2016-12-29 18:51:42,668 INFO  HIH-L-1603-0 thread-1 [ run-23, test-1 ]: Hello, Grinder!
2016-12-29 18:51:42,835 INFO  HIH-L-1603-0 thread-6 [ run-23, test-1 ]: Hello, Grinder!
2016-12-29 18:51:42,852 INFO  HIH-L-1603-0 thread-3 [ run-22, test-1 ]: Hello, Grinder!
2016-12-29 18:51:42,877 INFO  HIH-L-1603-0 thread-9 [ run-24, test-1 ]: Hello, Grinder!
2016-12-29 18:51:42,949 INFO  HIH-L-1603-0 thread-8 [ run-23, test-1 ]: Hello, Grinder!
2016-12-29 18:51:43,086 INFO  HIH-L-1603-0 thread-7 [ run-24, test-1 ]: Hello, Grinder!
2016-12-29 18:51:43,294 INFO  HIH-L-1603-0 thread-4 [ run-24, test-1 ]: Hello, Grinder!
2016-12-29 18:51:43,472 INFO  HIH-L-1603-0 thread-1 [ run-24, test-1 ]: Hello, Grinder!
2016-12-29 18:51:43,545 INFO  HIH-L-1603-0 thread-5 [ run-25, test-1 ]: Hello, Grinder!
2016-12-29 18:51:43,554 INFO  HIH-L-1603-0 thread-6 [ run-24, test-1 ]: Hello, Grinder!
2016-12-29 18:51:43,584 INFO  HIH-L-1603-0 thread-9 [ run-25, test-1 ]: Hello, Grinder!
2016-12-29 18:51:43,593 INFO  HIH-L-1603-0 thread-0 [ run-24, test-1 ]: Hello, Grinder!
2016-12-29 18:51:43,606 INFO  HIH-L-1603-0 thread-2 [ run-24, test-1 ]: Hello, Grinder!
2016-12-29 18:51:43,723 INFO  HIH-L-1603-0 thread-3 [ run-23, test-1 ]: Hello, Grinder!
2016-12-29 18:51:43,834 INFO  HIH-L-1603-0 thread-8 [ run-24, test-1 ]: Hello, Grinder!
2016-12-29 18:51:43,946 INFO  HIH-L-1603-0 thread-7 [ run-25, test-1 ]: Hello, Grinder!
2016-12-29 18:51:44,273 INFO  HIH-L-1603-0 thread-4 [ run-25, test-1 ]: Hello, Grinder!
2016-12-29 18:51:44,313 INFO  HIH-L-1603-0 thread-1 [ run-25, test-1 ]: Hello, Grinder!
2016-12-29 18:51:44,345 INFO  HIH-L-1603-0 thread-5 [ run-26, test-1 ]: Hello, Grinder!
2016-12-29 18:51:44,398 INFO  HIH-L-1603-0 thread-6 [ run-25, test-1 ]: Hello, Grinder!
2016-12-29 18:51:44,399 INFO  HIH-L-1603-0 thread-2 [ run-25, test-1 ]: Hello, Grinder!
2016-12-29 18:51:44,507 INFO  HIH-L-1603-0 thread-9 [ run-26, test-1 ]: Hello, Grinder!
2016-12-29 18:51:44,516 INFO  HIH-L-1603-0 thread-0 [ run-25, test-1 ]: Hello, Grinder!
2016-12-29 18:51:44,806 INFO  HIH-L-1603-0 thread-3 [ run-24, test-1 ]: Hello, Grinder!
2016-12-29 18:51:44,830 INFO  HIH-L-1603-0 thread-8 [ run-25, test-1 ]: Hello, Grinder!
2016-12-29 18:51:44,848 INFO  HIH-L-1603-0 thread-7 [ run-26, test-1 ]: Hello, Grinder!
2016-12-29 18:51:45,041 INFO  HIH-L-1603-0 thread-4 [ run-26, test-1 ]: Hello, Grinder!
2016-12-29 18:51:45,089 INFO  HIH-L-1603-0 thread-5 [ run-27, test-1 ]: Hello, Grinder!
2016-12-29 18:51:45,237 INFO  HIH-L-1603-0 thread-1 [ run-26, test-1 ]: Hello, Grinder!
2016-12-29 18:51:45,353 INFO  HIH-L-1603-0 thread-0 [ run-26, test-1 ]: Hello, Grinder!
2016-12-29 18:51:45,365 INFO  HIH-L-1603-0 thread-9 [ run-27, test-1 ]: Hello, Grinder!
2016-12-29 18:51:45,409 INFO  HIH-L-1603-0 thread-2 [ run-26, test-1 ]: Hello, Grinder!
2016-12-29 18:51:45,471 INFO  HIH-L-1603-0 thread-6 [ run-26, test-1 ]: Hello, Grinder!
2016-12-29 18:51:45,666 INFO  HIH-L-1603-0 thread-3 [ run-25, test-1 ]: Hello, Grinder!
2016-12-29 18:51:45,721 INFO  HIH-L-1603-0 thread-7 [ run-27, test-1 ]: Hello, Grinder!
2016-12-29 18:51:45,910 INFO  HIH-L-1603-0 thread-8 [ run-26, test-1 ]: Hello, Grinder!
2016-12-29 18:51:45,919 INFO  HIH-L-1603-0 thread-4 [ run-27, test-1 ]: Hello, Grinder!
2016-12-29 18:51:46,017 INFO  HIH-L-1603-0 thread-5 [ run-28, test-1 ]: Hello, Grinder!
2016-12-29 18:51:46,075 INFO  HIH-L-1603-0 thread-9 [ run-28, test-1 ]: Hello, Grinder!
2016-12-29 18:51:46,139 INFO  HIH-L-1603-0 thread-1 [ run-27, test-1 ]: Hello, Grinder!
2016-12-29 18:51:46,294 INFO  HIH-L-1603-0 thread-0 [ run-27, test-1 ]: Hello, Grinder!
2016-12-29 18:51:46,310 INFO  HIH-L-1603-0 thread-2 [ run-27, test-1 ]: Hello, Grinder!
2016-12-29 18:51:46,445 INFO  HIH-L-1603-0 thread-6 [ run-27, test-1 ]: Hello, Grinder!
2016-12-29 18:51:46,446 INFO  HIH-L-1603-0 thread-3 [ run-26, test-1 ]: Hello, Grinder!
2016-12-29 18:51:46,760 INFO  HIH-L-1603-0 thread-7 [ run-28, test-1 ]: Hello, Grinder!
2016-12-29 18:51:46,814 INFO  HIH-L-1603-0 thread-5 [ run-29, test-1 ]: Hello, Grinder!
2016-12-29 18:51:46,828 INFO  HIH-L-1603-0 thread-8 [ run-27, test-1 ]: Hello, Grinder!
2016-12-29 18:51:46,981 INFO  HIH-L-1603-0 thread-1 [ run-28, test-1 ]: Hello, Grinder!
2016-12-29 18:51:46,983 INFO  HIH-L-1603-0 thread-4 [ run-28, test-1 ]: Hello, Grinder!
2016-12-29 18:51:47,081 INFO  HIH-L-1603-0 thread-9 [ run-29, test-1 ]: Hello, Grinder!
2016-12-29 18:51:47,256 INFO  HIH-L-1603-0 thread-0 [ run-28, test-1 ]: Hello, Grinder!
2016-12-29 18:51:47,402 INFO  HIH-L-1603-0 thread-2 [ run-28, test-1 ]: Hello, Grinder!
2016-12-29 18:51:47,517 INFO  HIH-L-1603-0 thread-6 [ run-28, test-1 ]: Hello, Grinder!
2016-12-29 18:51:47,533 INFO  HIH-L-1603-0 thread-3 [ run-27, test-1 ]: Hello, Grinder!
2016-12-29 18:51:47,599 INFO  HIH-L-1603-0 thread-5 [ run-30, test-1 ]: Hello, Grinder!
2016-12-29 18:51:47,641 INFO  HIH-L-1603-0 thread-7 [ run-29, test-1 ]: Hello, Grinder!
2016-12-29 18:51:47,808 INFO  HIH-L-1603-0 thread-8 [ run-28, test-1 ]: Hello, Grinder!
2016-12-29 18:51:47,834 INFO  HIH-L-1603-0 thread-9 [ run-30, test-1 ]: Hello, Grinder!
2016-12-29 18:51:47,847 INFO  HIH-L-1603-0 thread-1 [ run-29, test-1 ]: Hello, Grinder!
2016-12-29 18:51:47,898 INFO  HIH-L-1603-0 thread-4 [ run-29, test-1 ]: Hello, Grinder!
2016-12-29 18:51:48,181 INFO  HIH-L-1603-0 thread-0 [ run-29, test-1 ]: Hello, Grinder!
2016-12-29 18:51:48,224 INFO  HIH-L-1603-0 thread-2 [ run-29, test-1 ]: Hello, Grinder!
2016-12-29 18:51:48,300 INFO  HIH-L-1603-0 thread-5 [ run-31, test-1 ]: Hello, Grinder!
2016-12-29 18:51:48,363 INFO  HIH-L-1603-0 thread-3 [ run-28, test-1 ]: Hello, Grinder!
2016-12-29 18:51:48,558 INFO  HIH-L-1603-0 thread-6 [ run-29, test-1 ]: Hello, Grinder!
2016-12-29 18:51:48,613 INFO  HIH-L-1603-0 thread-1 [ run-30, test-1 ]: Hello, Grinder!
2016-12-29 18:51:48,635 INFO  HIH-L-1603-0 thread-9 [ run-31, test-1 ]: Hello, Grinder!
2016-12-29 18:51:48,718 INFO  HIH-L-1603-0 thread-7 [ run-30, test-1 ]: Hello, Grinder!
2016-12-29 18:51:48,792 INFO  HIH-L-1603-0 thread-8 [ run-29, test-1 ]: Hello, Grinder!
2016-12-29 18:51:48,949 INFO  HIH-L-1603-0 thread-2 [ run-30, test-1 ]: Hello, Grinder!
2016-12-29 18:51:48,979 INFO  HIH-L-1603-0 thread-4 [ run-30, test-1 ]: Hello, Grinder!
2016-12-29 18:51:49,142 INFO  HIH-L-1603-0 thread-0 [ run-30, test-1 ]: Hello, Grinder!
2016-12-29 18:51:49,192 INFO  HIH-L-1603-0 thread-3 [ run-29, test-1 ]: Hello, Grinder!
2016-12-29 18:51:49,348 INFO  HIH-L-1603-0 thread-5 [ run-32, test-1 ]: Hello, Grinder!
2016-12-29 18:51:49,525 INFO  HIH-L-1603-0 thread-9 [ run-32, test-1 ]: Hello, Grinder!
2016-12-29 18:51:49,528 INFO  HIH-L-1603-0 thread-6 [ run-30, test-1 ]: Hello, Grinder!
2016-12-29 18:51:49,594 INFO  HIH-L-1603-0 thread-1 [ run-31, test-1 ]: Hello, Grinder!
2016-12-29 18:51:49,607 INFO  HIH-L-1603-0 thread-7 [ run-31, test-1 ]: Hello, Grinder!
2016-12-29 18:51:49,624 INFO  HIH-L-1603-0 thread-8 [ run-30, test-1 ]: Hello, Grinder!
2016-12-29 18:51:49,845 INFO  HIH-L-1603-0 thread-2 [ run-31, test-1 ]: Hello, Grinder!
2016-12-29 18:51:50,048 INFO  HIH-L-1603-0 thread-4 [ run-31, test-1 ]: Hello, Grinder!
2016-12-29 18:51:50,054 INFO  HIH-L-1603-0 thread-0 [ run-31, test-1 ]: Hello, Grinder!
2016-12-29 18:51:50,260 INFO  HIH-L-1603-0 thread-3 [ run-30, test-1 ]: Hello, Grinder!
2016-12-29 18:51:50,307 INFO  HIH-L-1603-0 thread-9 [ run-33, test-1 ]: Hello, Grinder!
2016-12-29 18:51:50,410 INFO  HIH-L-1603-0 thread-6 [ run-31, test-1 ]: Hello, Grinder!
2016-12-29 18:51:50,417 INFO  HIH-L-1603-0 thread-1 [ run-32, test-1 ]: Hello, Grinder!
2016-12-29 18:51:50,444 INFO  HIH-L-1603-0 thread-5 [ run-33, test-1 ]: Hello, Grinder!
2016-12-29 18:51:50,532 INFO  HIH-L-1603-0 thread-8 [ run-31, test-1 ]: Hello, Grinder!
2016-12-29 18:51:50,587 INFO  HIH-L-1603-0 thread-7 [ run-32, test-1 ]: Hello, Grinder!
2016-12-29 18:51:50,760 INFO  HIH-L-1603-0 thread-2 [ run-32, test-1 ]: Hello, Grinder!
2016-12-29 18:51:50,925 INFO  HIH-L-1603-0 thread-0 [ run-32, test-1 ]: Hello, Grinder!
2016-12-29 18:51:51,042 INFO  HIH-L-1603-0 thread-3 [ run-31, test-1 ]: Hello, Grinder!
2016-12-29 18:51:51,045 INFO  HIH-L-1603-0 thread-3 [ run-32 ]: shut down
2016-12-29 18:51:51,045 INFO  HIH-L-1603-0 thread-3: finished 32 runs
2016-12-29 18:51:51,060 INFO  HIH-L-1603-0 thread-4 [ run-32, test-1 ]: Hello, Grinder!
2016-12-29 18:51:51,060 INFO  HIH-L-1603-0 thread-4 [ run-33 ]: shut down
2016-12-29 18:51:51,061 INFO  HIH-L-1603-0 thread-4: finished 33 runs
2016-12-29 18:51:51,261 INFO  HIH-L-1603-0 thread-1 [ run-33, test-1 ]: Hello, Grinder!
2016-12-29 18:51:51,284 INFO  HIH-L-1603-0 thread-1 [ run-34 ]: shut down
2016-12-29 18:51:51,284 INFO  HIH-L-1603-0 thread-1: finished 34 runs
2016-12-29 18:51:51,345 INFO  HIH-L-1603-0 thread-7 [ run-33, test-1 ]: Hello, Grinder!
2016-12-29 18:51:51,345 INFO  HIH-L-1603-0 thread-7 [ run-34 ]: shut down
2016-12-29 18:51:51,346 INFO  HIH-L-1603-0 thread-7: finished 34 runs
2016-12-29 18:51:51,357 INFO  HIH-L-1603-0 thread-9 [ run-34, test-1 ]: Hello, Grinder!
2016-12-29 18:51:51,358 INFO  HIH-L-1603-0 thread-9 [ run-35 ]: shut down
2016-12-29 18:51:51,358 INFO  HIH-L-1603-0 thread-9: finished 35 runs
2016-12-29 18:51:51,359 INFO  HIH-L-1603-0 thread-6 [ run-32, test-1 ]: Hello, Grinder!
2016-12-29 18:51:51,359 INFO  HIH-L-1603-0 thread-6 [ run-33 ]: shut down
2016-12-29 18:51:51,359 INFO  HIH-L-1603-0 thread-6: finished 33 runs
2016-12-29 18:51:51,441 INFO  HIH-L-1603-0 thread-5 [ run-34, test-1 ]: Hello, Grinder!
2016-12-29 18:51:51,441 INFO  HIH-L-1603-0 thread-5 [ run-35 ]: shut down
2016-12-29 18:51:51,441 INFO  HIH-L-1603-0 thread-5: finished 35 runs
2016-12-29 18:51:51,629 INFO  HIH-L-1603-0 thread-8 [ run-32, test-1 ]: Hello, Grinder!
2016-12-29 18:51:51,629 INFO  HIH-L-1603-0 thread-8 [ run-33 ]: shut down
2016-12-29 18:51:51,630 INFO  HIH-L-1603-0 thread-8: finished 33 runs
2016-12-29 18:51:51,778 INFO  HIH-L-1603-0 thread-2 [ run-33, test-1 ]: Hello, Grinder!
2016-12-29 18:51:51,779 INFO  HIH-L-1603-0 thread-2 [ run-34 ]: shut down
2016-12-29 18:51:51,779 INFO  HIH-L-1603-0 thread-2: finished 34 runs
2016-12-29 18:51:52,021 INFO  HIH-L-1603-0 thread-0 [ run-33, test-1 ]: Hello, Grinder!
2016-12-29 18:51:52,022 INFO  HIH-L-1603-0 thread-0 [ run-34 ]: shut down
2016-12-29 18:51:52,022 INFO  HIH-L-1603-0 thread-0: finished 34 runs
2016-12-29 18:51:52,022 INFO  HIH-L-1603-0 : elapsed time is 31001 ms
2016-12-29 18:51:52,022 INFO  HIH-L-1603-0 : Final statistics for this process:
2016-12-29 18:51:52,029 INFO  HIH-L-1603-0 : 
             Tests        Errors       Mean Test    Test Time    TPS          
                                       Time (ms)    Standard                  
                                                    Deviation                 
                                                    (ms)                      

Test 1       337          0            901.95       116.60       10.87         "Hello World"

Totals       337          0            901.95       116.60       10.87        

  Tests resulting in error only contribute to the Errors column.          
  Statistics for individual tests can be found in the data file, including
  (possibly incomplete) statistics for erroneous tests. Composite tests   
  are marked with () and not included in the totals.                      

