Thread, Run, Test, Start time (ms since Epoch), Test time, Errors
2, 0, 1, 1483008681031, 726, 0
4, 0, 1, 1483008681030, 728, 0
5, 0, 1, 1483008681032, 759, 0
7, 0, 1, 1483008681031, 857, 0
8, 0, 1, 1483008681032, 870, 0
0, 0, 1, 1483008681030, 996, 0
6, 0, 1, 1483008681031, 1001, 0
1, 0, 1, 1483008681032, 1029, 0
3, 0, 1, 1483008681030, 1062, 0
9, 0, 1, 1483008681032, 1100, 0
4, 1, 1, 1483008681759, 761, 0
5, 1, 1, 1483008681791, 769, 0
2, 1, 1, 1483008681758, 996, 0
6, 1, 1, 1483008682032, 786, 0
1, 1, 1, 1483008682061, 785, 0
3, 1, 1, 1483008682093, 779, 0
0, 1, 1, 1483008682027, 889, 0
7, 1, 1, 1483008681888, 1052, 0
8, 1, 1, 1483008681902, 1081, 0
9, 1, 1, 1483008682133, 905, 0
5, 2, 1, 1483008682560, 975, 0
6, 2, 1, 1483008682818, 724, 0
4, 2, 1, 1483008682521, 1078, 0
0, 2, 1, 1483008682916, 711, 0
3, 2, 1, 1483008682873, 813, 0
1, 2, 1, 1483008682846, 906, 0
8, 2, 1, 1483008682985, 843, 0
2, 2, 1, 1483008682754, 1089, 0
7, 2, 1, 1483008682940, 1010, 0
9, 2, 1, 1483008683038, 995, 0
0, 3, 1, 1483008683627, 858, 0
5, 3, 1, 1483008683535, 954, 0
1, 3, 1, 1483008683753, 838, 0
6, 3, 1, 1483008683543, 1092, 0
8, 3, 1, 1483008683829, 827, 0
4, 3, 1, 1483008683599, 1085, 0
2, 3, 1, 1483008683844, 892, 0
3, 3, 1, 1483008683687, 1083, 0
9, 3, 1, 1483008684033, 739, 0
7, 3, 1, 1483008683951, 927, 0
5, 4, 1, 1483008684490, 707, 0
1, 4, 1, 1483008684591, 789, 0
6, 4, 1, 1483008684636, 838, 0
0, 4, 1, 1483008684485, 1079, 0
8, 4, 1, 1483008684656, 915, 0
2, 4, 1, 1483008684736, 950, 0
4, 4, 1, 1483008684684, 1090, 0
3, 4, 1, 1483008684770, 1016, 0
7, 4, 1, 1483008684878, 923, 0
9, 4, 1, 1483008684772, 1044, 0
5, 5, 1, 1483008685197, 761, 0
1, 5, 1, 1483008685381, 916, 0
8, 5, 1, 1483008685572, 786, 0
2, 5, 1, 1483008685686, 728, 0
0, 5, 1, 1483008685565, 850, 0
6, 5, 1, 1483008685475, 984, 0
7, 5, 1, 1483008685801, 740, 0
3, 5, 1, 1483008685786, 782, 0
9, 5, 1, 1483008685816, 805, 0
5, 6, 1, 1483008685958, 712, 0
4, 5, 1, 1483008685774, 1060, 0
1, 6, 1, 1483008686297, 840, 0
6, 6, 1, 1483008686460, 776, 0
2, 6, 1, 1483008686414, 875, 0
7, 6, 1, 1483008686541, 777, 0
0, 6, 1, 1483008686415, 1018, 0
8, 6, 1, 1483008686359, 1094, 0
9, 6, 1, 1483008686621, 865, 0
5, 7, 1, 1483008686670, 865, 0
3, 6, 1, 1483008686569, 1008, 0
4, 6, 1, 1483008686835, 831, 0
2, 7, 1, 1483008687289, 887, 0
1, 7, 1, 1483008687138, 1050, 0
6, 7, 1, 1483008687236, 1035, 0
7, 7, 1, 1483008687319, 958, 0
8, 7, 1, 1483008687453, 831, 0
9, 7, 1, 1483008687486, 822, 0
0, 7, 1, 1483008687433, 932, 0
4, 7, 1, 1483008687666, 767, 0
5, 8, 1, 1483008687536, 958, 0
3, 7, 1, 1483008687577, 986, 0
2, 8, 1, 1483008688176, 753, 0
7, 8, 1, 1483008688277, 739, 0
1, 8, 1, 1483008688188, 874, 0
9, 8, 1, 1483008688308, 838, 0
0, 8, 1, 1483008688365, 852, 0
6, 8, 1, 1483008688271, 947, 0
5, 9, 1, 1483008688494, 748, 0
8, 8, 1, 1483008688284, 1033, 0
4, 8, 1, 1483008688433, 894, 0
3, 8, 1, 1483008688563, 987, 0
7, 9, 1, 1483008689016, 723, 0
2, 9, 1, 1483008688929, 838, 0
0, 9, 1, 1483008689217, 780, 0
4, 9, 1, 1483008689327, 747, 0
1, 9, 1, 1483008689063, 1039, 0
8, 9, 1, 1483008689317, 790, 0
6, 9, 1, 1483008689218, 891, 0
9, 9, 1, 1483008689146, 1076, 0
5, 10, 1, 1483008689242, 1072, 0
7, 10, 1, 1483008689739, 792, 0
3, 9, 1, 1483008689550, 1084, 0
2, 10, 1, 1483008689768, 1007, 0
1, 10, 1, 1483008690102, 864, 0
0, 10, 1, 1483008689997, 1001, 0
6, 10, 1, 1483008690109, 892, 0
8, 10, 1, 1483008690107, 921, 0
4, 10, 1, 1483008690074, 960, 0
5, 11, 1, 1483008690315, 737, 0
9, 10, 1, 1483008690222, 875, 0
7, 11, 1, 1483008690532, 787, 0
3, 10, 1, 1483008690635, 900, 0
2, 11, 1, 1483008690776, 883, 0
0, 11, 1, 1483008690998, 725, 0
6, 11, 1, 1483008691001, 752, 0
5, 12, 1, 1483008691053, 881, 0
8, 11, 1, 1483008691029, 929, 0
4, 11, 1, 1483008691034, 933, 0
1, 11, 1, 1483008690966, 1097, 0
9, 11, 1, 1483008691098, 978, 0
7, 12, 1, 1483008691320, 1017, 0
3, 11, 1, 1483008691536, 980, 0
2, 12, 1, 1483008691659, 1000, 0
0, 12, 1, 1483008691723, 1001, 0
6, 12, 1, 1483008691753, 972, 0
1, 12, 1, 1483008692063, 827, 0
4, 12, 1, 1483008691967, 974, 0
5, 13, 1, 1483008691934, 1070, 0
8, 12, 1, 1483008691958, 1095, 0
9, 12, 1, 1483008692077, 1094, 0
7, 13, 1, 1483008692338, 883, 0
3, 12, 1, 1483008692516, 1098, 0
4, 13, 1, 1483008692941, 719, 0
1, 13, 1, 1483008692890, 784, 0
0, 13, 1, 1483008692724, 963, 0
6, 13, 1, 1483008692725, 978, 0
2, 13, 1, 1483008692659, 1096, 0
5, 14, 1, 1483008693004, 766, 0
8, 13, 1, 1483008693053, 741, 0
9, 13, 1, 1483008693171, 804, 0
7, 14, 1, 1483008693221, 1042, 0
4, 14, 1, 1483008693660, 715, 0
3, 13, 1, 1483008693614, 793, 0
5, 15, 1, 1483008693770, 713, 0
1, 14, 1, 1483008693674, 848, 0
0, 14, 1, 1483008693687, 905, 0
8, 14, 1, 1483008693794, 911, 0
6, 14, 1, 1483008693703, 1084, 0
9, 14, 1, 1483008693975, 816, 0
2, 14, 1, 1483008693755, 1073, 0
4, 15, 1, 1483008694375, 777, 0
7, 15, 1, 1483008694263, 940, 0
0, 15, 1, 1483008694592, 718, 0
5, 16, 1, 1483008694483, 903, 0
3, 14, 1, 1483008694407, 1097, 0
2, 15, 1, 1483008694828, 726, 0
9, 15, 1, 1483008694791, 781, 0
1, 15, 1, 1483008694522, 1057, 0
6, 15, 1, 1483008694787, 855, 0
8, 15, 1, 1483008694705, 1014, 0
4, 16, 1, 1483008695152, 1016, 0
7, 16, 1, 1483008695203, 1007, 0
5, 17, 1, 1483008695386, 845, 0
2, 16, 1, 1483008695554, 719, 0
0, 16, 1, 1483008695310, 971, 0
9, 16, 1, 1483008695572, 801, 0
8, 16, 1, 1483008695719, 770, 0
1, 16, 1, 1483008695579, 918, 0
3, 15, 1, 1483008695504, 1036, 0
6, 16, 1, 1483008695642, 1037, 0
4, 17, 1, 1483008696168, 719, 0
0, 17, 1, 1483008696281, 719, 0
7, 17, 1, 1483008696210, 805, 0
2, 17, 1, 1483008696273, 796, 0
5, 18, 1, 1483008696231, 848, 0
9, 17, 1, 1483008696373, 757, 0
1, 17, 1, 1483008696497, 760, 0
3, 16, 1, 1483008696540, 857, 0
8, 17, 1, 1483008696489, 944, 0
6, 17, 1, 1483008696679, 904, 0
7, 18, 1, 1483008697015, 759, 0
4, 18, 1, 1483008696887, 949, 0
2, 18, 1, 1483008697069, 786, 0
5, 19, 1, 1483008697079, 886, 0
0, 18, 1, 1483008697000, 1016, 0
9, 18, 1, 1483008697130, 923, 0
3, 17, 1, 1483008697397, 839, 0
1, 18, 1, 1483008697257, 1005, 0
6, 18, 1, 1483008697583, 821, 0
8, 18, 1, 1483008697433, 1043, 0
7, 19, 1, 1483008697774, 764, 0
4, 19, 1, 1483008697836, 715, 0
5, 20, 1, 1483008697965, 809, 0
2, 19, 1, 1483008697855, 1024, 0
9, 19, 1, 1483008698053, 840, 0
0, 19, 1, 1483008698016, 1003, 0
3, 18, 1, 1483008698236, 950, 0
1, 19, 1, 1483008698262, 927, 0
6, 19, 1, 1483008698405, 869, 0
8, 19, 1, 1483008698476, 962, 0
7, 20, 1, 1483008698539, 988, 0
4, 20, 1, 1483008698551, 992, 0
9, 20, 1, 1483008698893, 963, 0
5, 21, 1, 1483008698774, 1094, 0
2, 20, 1, 1483008698879, 1048, 0
0, 20, 1, 1483008699019, 918, 0
1, 20, 1, 1483008699189, 750, 0
3, 19, 1, 1483008699186, 891, 0
7, 21, 1, 1483008699527, 727, 0
6, 20, 1, 1483008699275, 1031, 0
8, 20, 1, 1483008699438, 998, 0
4, 21, 1, 1483008699543, 1053, 0
9, 21, 1, 1483008699856, 836, 0
0, 21, 1, 1483008699938, 795, 0
5, 22, 1, 1483008699868, 871, 0
2, 21, 1, 1483008699927, 846, 0
3, 20, 1, 1483008700077, 764, 0
1, 21, 1, 1483008699939, 980, 0
7, 22, 1, 1483008700254, 828, 0
6, 21, 1, 1483008700306, 830, 0
8, 21, 1, 1483008700437, 726, 0
9, 22, 1, 1483008700692, 733, 0
4, 22, 1, 1483008700596, 834, 0
5, 23, 1, 1483008700739, 711, 0
2, 22, 1, 1483008700774, 746, 0
1, 22, 1, 1483008700920, 812, 0
0, 22, 1, 1483008700733, 1023, 0
3, 21, 1, 1483008700841, 930, 0
6, 22, 1, 1483008701136, 945, 0
8, 22, 1, 1483008701163, 989, 0
7, 23, 1, 1483008701082, 1071, 0
9, 23, 1, 1483008701425, 750, 0
4, 23, 1, 1483008701430, 801, 0
5, 24, 1, 1483008701450, 1078, 0
2, 23, 1, 1483008701520, 1050, 0
0, 23, 1, 1483008701756, 902, 0
1, 23, 1, 1483008701732, 937, 0
6, 23, 1, 1483008702081, 755, 0
3, 22, 1, 1483008701771, 1082, 0
9, 24, 1, 1483008702175, 703, 0
8, 23, 1, 1483008702152, 798, 0
7, 24, 1, 1483008702153, 934, 0
4, 24, 1, 1483008702231, 1064, 0
1, 24, 1, 1483008702669, 804, 0
5, 25, 1, 1483008702528, 1018, 0
6, 24, 1, 1483008702836, 719, 0
9, 25, 1, 1483008702878, 707, 0
0, 24, 1, 1483008702658, 936, 0
2, 24, 1, 1483008702570, 1037, 0
3, 23, 1, 1483008702853, 871, 0
8, 24, 1, 1483008702950, 885, 0
7, 25, 1, 1483008703087, 860, 0
4, 25, 1, 1483008703295, 979, 0
1, 25, 1, 1483008703473, 841, 0
5, 26, 1, 1483008703546, 800, 0
6, 25, 1, 1483008703555, 845, 0
2, 25, 1, 1483008703607, 793, 0
9, 26, 1, 1483008703585, 923, 0
0, 25, 1, 1483008703594, 923, 0
3, 24, 1, 1483008703724, 1083, 0
8, 25, 1, 1483008703835, 996, 0
7, 26, 1, 1483008703947, 902, 0
4, 26, 1, 1483008704274, 768, 0
5, 27, 1, 1483008704346, 744, 0
1, 26, 1, 1483008704314, 924, 0
0, 26, 1, 1483008704517, 837, 0
9, 27, 1, 1483008704508, 858, 0
2, 26, 1, 1483008704400, 1010, 0
6, 26, 1, 1483008704400, 1072, 0
3, 25, 1, 1483008704807, 860, 0
7, 27, 1, 1483008704849, 873, 0
8, 26, 1, 1483008704831, 1080, 0
4, 27, 1, 1483008705042, 878, 0
5, 28, 1, 1483008705090, 928, 0
9, 28, 1, 1483008705366, 710, 0
1, 27, 1, 1483008705238, 902, 0
0, 27, 1, 1483008705354, 941, 0
2, 27, 1, 1483008705410, 901, 0
6, 27, 1, 1483008705472, 974, 0
3, 26, 1, 1483008705667, 780, 0
7, 28, 1, 1483008705722, 1039, 0
5, 29, 1, 1483008706018, 797, 0
8, 27, 1, 1483008705911, 918, 0
1, 28, 1, 1483008706140, 842, 0
4, 28, 1, 1483008705920, 1064, 0
9, 29, 1, 1483008706076, 1006, 0
0, 28, 1, 1483008706295, 962, 0
2, 28, 1, 1483008706311, 1092, 0
6, 28, 1, 1483008706446, 1072, 0
3, 27, 1, 1483008706447, 1087, 0
5, 30, 1, 1483008706815, 785, 0
7, 29, 1, 1483008706761, 882, 0
8, 28, 1, 1483008706829, 980, 0
9, 30, 1, 1483008707082, 753, 0
1, 29, 1, 1483008706983, 866, 0
4, 29, 1, 1483008706984, 915, 0
0, 29, 1, 1483008707257, 925, 0
2, 29, 1, 1483008707403, 822, 0
5, 31, 1, 1483008707600, 701, 0
3, 28, 1, 1483008707534, 830, 0
6, 29, 1, 1483008707518, 1041, 0
1, 30, 1, 1483008707849, 765, 0
9, 31, 1, 1483008707835, 801, 0
7, 30, 1, 1483008707643, 1076, 0
8, 29, 1, 1483008707810, 983, 0
2, 30, 1, 1483008708225, 725, 0
4, 30, 1, 1483008707899, 1081, 0
0, 30, 1, 1483008708182, 961, 0
3, 29, 1, 1483008708364, 829, 0
5, 32, 1, 1483008708301, 1048, 0
9, 32, 1, 1483008708636, 890, 0
6, 30, 1, 1483008708559, 970, 0
1, 31, 1, 1483008708614, 981, 0
7, 31, 1, 1483008708719, 889, 0
8, 30, 1, 1483008708793, 832, 0
2, 31, 1, 1483008708950, 896, 0
4, 31, 1, 1483008708980, 1069, 0
0, 31, 1, 1483008709144, 912, 0
3, 30, 1, 1483008709193, 1068, 0
9, 33, 1, 1483008709527, 781, 0
6, 31, 1, 1483008709529, 882, 0
1, 32, 1, 1483008709595, 823, 0
5, 33, 1, 1483008709350, 1095, 0
8, 31, 1, 1483008709626, 907, 0
7, 32, 1, 1483008709609, 979, 0
2, 32, 1, 1483008709846, 915, 0
0, 32, 1, 1483008710056, 871, 0
3, 31, 1, 1483008710261, 782, 0
4, 32, 1, 1483008710049, 1012, 0
1, 33, 1, 1483008710418, 866, 0
7, 33, 1, 1483008710588, 758, 0
9, 34, 1, 1483008710309, 1049, 0
6, 32, 1, 1483008710411, 949, 0
5, 34, 1, 1483008710446, 996, 0
8, 32, 1, 1483008710534, 1096, 0
2, 33, 1, 1483008710761, 1019, 0
0, 33, 1, 1483008710927, 1095, 0
